0:00:00 INFO: python -u train_rl.py -config configs/pick_ppo.yaml -name pick_ppo_17976254
0:00:00 INFO: 2023-03-01 13:58:44.990637
0:00:00 INFO: Write log to experiments/pick_ppo_17976254/run.log
0:00:00 INFO: Config {
    name: 'pick_ppo_17976254'
    view: 'allo'
    seed: 123
    device_id: 0
    config: 'configs/pick_ppo.yaml'
    exp_root_dir: 'experiments'
    exp_dir: 'experiments/pick_ppo_17976254'
    random: <random.Random object at 0x5f7b3f0>
    start_time: 1677697124.988897
}
Loading chipmunk for Linux (64bit) [/n/fs/nlp-kn5378/miniconda3/envs/magical/lib/python3.10/site-packages/pymunk/libchipmunk.so]
pygame 2.1.3 (SDL 2.0.22, Python 3.10.9)
Hello from the pygame community. https://www.pygame.org/contribute.html
Using cuda:0 device
Logging to experiments/pick_ppo_17976254/PPO_1
/n/fs/nlp-kn5378/miniconda3/envs/magical/lib/python3.10/site-packages/stable_baselines3/common/callbacks.py:399: UserWarning: Training and eval env are not of the same type<stable_baselines3.common.vec_env.subproc_vec_env.SubprocVecEnv object at 0x7f5524641150> != <stable_baselines3.common.vec_env.dummy_vec_env.DummyVecEnv object at 0x7f55246411e0>
  warnings.warn("Training and eval env are not of the same type" f"{self.training_env} != {self.eval_env}")
---------------------------------
| rollout/           |          |
|    ep_len_mean     | 80       |
|    ep_rew_mean     | -3.69    |
| time/              |          |
|    fps             | 62       |
|    iterations      | 1        |
|    time_elapsed    | 40       |
|    total_timesteps | 2560     |
---------------------------------
-----------------------------------------
| rollout/                |             |
|    ep_len_mean          | 80          |
|    ep_rew_mean          | -3.56       |
| time/                   |             |
|    fps                  | 55          |
|    iterations           | 2           |
|    time_elapsed         | 93          |
|    total_timesteps      | 5120        |
| train/                  |             |
|    approx_kl            | 0.012039093 |
|    clip_fraction        | 0.0638      |
|    clip_range           | 0.2         |
|    entropy_loss         | -2.88       |
|    explained_variance   | 0.0211      |
|    learning_rate        | 0.0003      |
|    loss                 | -0.0068     |
|    n_updates            | 10          |
|    policy_gradient_loss | -0.00539    |
|    value_loss           | 0.0383      |
-----------------------------------------
-----------------------------------------
| rollout/                |             |
|    ep_len_mean          | 80          |
|    ep_rew_mean          | -3.66       |
| time/                   |             |
|    fps                  | 52          |
|    iterations           | 3           |
|    time_elapsed         | 145         |
|    total_timesteps      | 7680        |
| train/                  |             |
|    approx_kl            | 0.010236999 |
|    clip_fraction        | 0.0636      |
|    clip_range           | 0.2         |
|    entropy_loss         | -2.87       |
|    explained_variance   | 0.17        |
|    learning_rate        | 0.0003      |
|    loss                 | -0.00611    |
|    n_updates            | 20          |
|    policy_gradient_loss | -0.00914    |
|    value_loss           | 0.0383      |
-----------------------------------------
-----------------------------------------
| rollout/                |             |
|    ep_len_mean          | 80          |
|    ep_rew_mean          | -3.58       |
| time/                   |             |
|    fps                  | 51          |
|    iterations           | 4           |
|    time_elapsed         | 198         |
|    total_timesteps      | 10240       |
| train/                  |             |
|    approx_kl            | 0.011247113 |
|    clip_fraction        | 0.118       |
|    clip_range           | 0.2         |
|    entropy_loss         | -2.86       |
|    explained_variance   | 0.143       |
|    learning_rate        | 0.0003      |
|    loss                 | 0.0697      |
|    n_updates            | 30          |
|    policy_gradient_loss | -0.0062     |
|    value_loss           | 0.215       |
-----------------------------------------
-----------------------------------------
| rollout/                |             |
|    ep_len_mean          | 80          |
|    ep_rew_mean          | -3.81       |
| time/                   |             |
|    fps                  | 51          |
|    iterations           | 5           |
|    time_elapsed         | 247         |
|    total_timesteps      | 12800       |
| train/                  |             |
|    approx_kl            | 0.013261721 |
|    clip_fraction        | 0.0966      |
|    clip_range           | 0.2         |
|    entropy_loss         | -2.85       |
|    explained_variance   | 0           |
|    learning_rate        | 0.0003      |
|    loss                 | 0.0836      |
|    n_updates            | 40          |
|    policy_gradient_loss | -0.00851    |
|    value_loss           | 0.212       |
-----------------------------------------
-----------------------------------------
| rollout/                |             |
|    ep_len_mean          | 80          |
|    ep_rew_mean          | -3.81       |
| time/                   |             |
|    fps                  | 51          |
|    iterations           | 6           |
|    time_elapsed         | 297         |
|    total_timesteps      | 15360       |
| train/                  |             |
|    approx_kl            | 0.016429786 |
|    clip_fraction        | 0.108       |
|    clip_range           | 0.2         |
|    entropy_loss         | -2.83       |
|    explained_variance   | 0           |
|    learning_rate        | 0.0003      |
|    loss                 | 0.14        |
|    n_updates            | 50          |
|    policy_gradient_loss | -0.0106     |
|    value_loss           | 0.292       |
-----------------------------------------
Eval num_timesteps=16000, episode_reward=-2.98 +/- 0.85
Episode length: 80.00 +/- 0.00
-----------------------------------------
| eval/                   |             |
|    mean_ep_length       | 80          |
|    mean_reward          | -2.98       |
| time/                   |             |
|    total_timesteps      | 16000       |
| train/                  |             |
|    approx_kl            | 0.014226747 |
|    clip_fraction        | 0.0823      |
|    clip_range           | 0.2         |
|    entropy_loss         | -2.82       |
|    explained_variance   | 0           |
|    learning_rate        | 0.0003      |
|    loss                 | 0.12        |
|    n_updates            | 60          |
|    policy_gradient_loss | -0.00704    |
|    value_loss           | 0.306       |
-----------------------------------------
New best mean reward!
---------------------------------
| rollout/           |          |
|    ep_len_mean     | 80       |
|    ep_rew_mean     | -3.83    |
| time/              |          |
|    fps             | 50       |
|    iterations      | 7        |
|    time_elapsed    | 356      |
|    total_timesteps | 17920    |
---------------------------------
------------------------------------------
| rollout/                |              |
|    ep_len_mean          | 80           |
|    ep_rew_mean          | -3.55        |
| time/                   |              |
|    fps                  | 50           |
|    iterations           | 8            |
|    time_elapsed         | 408          |
|    total_timesteps      | 20480        |
| train/                  |              |
|    approx_kl            | 0.0118293585 |
|    clip_fraction        | 0.109        |
|    clip_range           | 0.2          |
|    entropy_loss         | -2.79        |
|    explained_variance   | -1.19e-07    |
|    learning_rate        | 0.0003       |
|    loss                 | 0.139        |
|    n_updates            | 70           |
|    policy_gradient_loss | -0.00934     |
|    value_loss           | 0.355        |
------------------------------------------
-----------------------------------------
| rollout/                |             |
|    ep_len_mean          | 80          |
|    ep_rew_mean          | -3.44       |
| time/                   |             |
|    fps                  | 49          |
|    iterations           | 9           |
|    time_elapsed         | 461         |
|    total_timesteps      | 23040       |
| train/                  |             |
|    approx_kl            | 0.014842747 |
|    clip_fraction        | 0.118       |
|    clip_range           | 0.2         |
|    entropy_loss         | -2.78       |
|    explained_variance   | 0           |
|    learning_rate        | 0.0003      |
|    loss                 | 0.0885      |
|    n_updates            | 80          |
|    policy_gradient_loss | -0.0104     |
|    value_loss           | 0.315       |
-----------------------------------------
-----------------------------------------
| rollout/                |             |
|    ep_len_mean          | 80          |
|    ep_rew_mean          | -3.61       |
| time/                   |             |
|    fps                  | 49          |
|    iterations           | 10          |
|    time_elapsed         | 514         |
|    total_timesteps      | 25600       |
| train/                  |             |
|    approx_kl            | 0.013578853 |
|    clip_fraction        | 0.0783      |
|    clip_range           | 0.2         |
|    entropy_loss         | -2.75       |
|    explained_variance   | 0           |
|    learning_rate        | 0.0003      |
|    loss                 | 0.164       |
|    n_updates            | 90          |
|    policy_gradient_loss | -0.00646    |
|    value_loss           | 0.335       |
-----------------------------------------
-----------------------------------------
| rollout/                |             |
|    ep_len_mean          | 80          |
|    ep_rew_mean          | -3.74       |
| time/                   |             |
|    fps                  | 49          |
|    iterations           | 11          |
|    time_elapsed         | 567         |
|    total_timesteps      | 28160       |
| train/                  |             |
|    approx_kl            | 0.011126365 |
|    clip_fraction        | 0.0958      |
|    clip_range           | 0.2         |
|    entropy_loss         | -2.74       |
|    explained_variance   | 5.96e-08    |
|    learning_rate        | 0.0003      |
|    loss                 | 0.219       |
|    n_updates            | 100         |
|    policy_gradient_loss | -0.00845    |
|    value_loss           | 0.376       |
-----------------------------------------
-----------------------------------------
| rollout/                |             |
|    ep_len_mean          | 80          |
|    ep_rew_mean          | -4.01       |
| time/                   |             |
|    fps                  | 49          |
|    iterations           | 12          |
|    time_elapsed         | 622         |
|    total_timesteps      | 30720       |
| train/                  |             |
|    approx_kl            | 0.012238506 |
|    clip_fraction        | 0.0914      |
|    clip_range           | 0.2         |
|    entropy_loss         | -2.71       |
|    explained_variance   | 0           |
|    learning_rate        | 0.0003      |
|    loss                 | 0.2         |
|    n_updates            | 110         |
|    policy_gradient_loss | -0.00795    |
|    value_loss           | 0.369       |
-----------------------------------------
Eval num_timesteps=32000, episode_reward=-3.45 +/- 1.02
Episode length: 80.00 +/- 0.00
-----------------------------------------
| eval/                   |             |
|    mean_ep_length       | 80          |
|    mean_reward          | -3.45       |
| time/                   |             |
|    total_timesteps      | 32000       |
| train/                  |             |
|    approx_kl            | 0.014644988 |
|    clip_fraction        | 0.0847      |
|    clip_range           | 0.2         |
|    entropy_loss         | -2.68       |
|    explained_variance   | -1.19e-07   |
|    learning_rate        | 0.0003      |
|    loss                 | 0.192       |
|    n_updates            | 120         |
|    policy_gradient_loss | -0.00663    |
|    value_loss           | 0.399       |
-----------------------------------------
---------------------------------
| rollout/           |          |
|    ep_len_mean     | 80       |
|    ep_rew_mean     | -4.04    |
| time/              |          |
|    fps             | 48       |
|    iterations      | 13       |
|    time_elapsed    | 683      |
|    total_timesteps | 33280    |
---------------------------------
-----------------------------------------
| rollout/                |             |
|    ep_len_mean          | 80          |
|    ep_rew_mean          | -4.03       |
| time/                   |             |
|    fps                  | 48          |
|    iterations           | 14          |
|    time_elapsed         | 736         |
|    total_timesteps      | 35840       |
| train/                  |             |
|    approx_kl            | 0.011710405 |
|    clip_fraction        | 0.104       |
|    clip_range           | 0.2         |
|    entropy_loss         | -2.7        |
|    explained_variance   | 0           |
|    learning_rate        | 0.0003      |
|    loss                 | 0.189       |
|    n_updates            | 130         |
|    policy_gradient_loss | -0.0085     |
|    value_loss           | 0.413       |
-----------------------------------------
-----------------------------------------
| rollout/                |             |
|    ep_len_mean          | 80          |
|    ep_rew_mean          | -3.88       |
| time/                   |             |
|    fps                  | 48          |
|    iterations           | 15          |
|    time_elapsed         | 789         |
|    total_timesteps      | 38400       |
| train/                  |             |
|    approx_kl            | 0.014844196 |
|    clip_fraction        | 0.112       |
|    clip_range           | 0.2         |
|    entropy_loss         | -2.71       |
|    explained_variance   | 5.96e-08    |
|    learning_rate        | 0.0003      |
|    loss                 | 0.152       |
|    n_updates            | 140         |
|    policy_gradient_loss | -0.00925    |
|    value_loss           | 0.41        |
-----------------------------------------
-----------------------------------------
| rollout/                |             |
|    ep_len_mean          | 80          |
|    ep_rew_mean          | -3.71       |
| time/                   |             |
|    fps                  | 48          |
|    iterations           | 16          |
|    time_elapsed         | 842         |
|    total_timesteps      | 40960       |
| train/                  |             |
|    approx_kl            | 0.013730133 |
|    clip_fraction        | 0.101       |
|    clip_range           | 0.2         |
|    entropy_loss         | -2.64       |
|    explained_variance   | 0           |
|    learning_rate        | 0.0003      |
|    loss                 | 0.192       |
|    n_updates            | 150         |
|    policy_gradient_loss | -0.00839    |
|    value_loss           | 0.432       |
-----------------------------------------
---------------------------------------
| rollout/                |           |
|    ep_len_mean          | 80        |
|    ep_rew_mean          | -3.65     |
| time/                   |           |
|    fps                  | 48        |
|    iterations           | 17        |
|    time_elapsed         | 896       |
|    total_timesteps      | 43520     |
| train/                  |           |
|    approx_kl            | 0.0121598 |
|    clip_fraction        | 0.0875    |
|    clip_range           | 0.2       |
|    entropy_loss         | -2.62     |
|    explained_variance   | 0         |
|    learning_rate        | 0.0003    |
|    loss                 | 0.217     |
|    n_updates            | 160       |
|    policy_gradient_loss | -0.007    |
|    value_loss           | 0.385     |
---------------------------------------
-----------------------------------------
| rollout/                |             |
|    ep_len_mean          | 80          |
|    ep_rew_mean          | -3.68       |
| time/                   |             |
|    fps                  | 48          |
|    iterations           | 18          |
|    time_elapsed         | 951         |
|    total_timesteps      | 46080       |
| train/                  |             |
|    approx_kl            | 0.014046751 |
|    clip_fraction        | 0.108       |
|    clip_range           | 0.2         |
|    entropy_loss         | -2.57       |
|    explained_variance   | 5.96e-08    |
|    learning_rate        | 0.0003      |
|    loss                 | 0.27        |
|    n_updates            | 170         |
|    policy_gradient_loss | -0.00891    |
|    value_loss           | 0.39        |
-----------------------------------------
Eval num_timesteps=48000, episode_reward=-3.79 +/- 1.41
Episode length: 80.00 +/- 0.00
-----------------------------------------
| eval/                   |             |
|    mean_ep_length       | 80          |
|    mean_reward          | -3.79       |
| time/                   |             |
|    total_timesteps      | 48000       |
| train/                  |             |
|    approx_kl            | 0.014670184 |
|    clip_fraction        | 0.114       |
|    clip_range           | 0.2         |
|    entropy_loss         | -2.47       |
|    explained_variance   | 0           |
|    learning_rate        | 0.0003      |
|    loss                 | 0.139       |
|    n_updates            | 180         |
|    policy_gradient_loss | -0.0094     |
|    value_loss           | 0.361       |
-----------------------------------------
---------------------------------
| rollout/           |          |
|    ep_len_mean     | 80       |
|    ep_rew_mean     | -3.76    |
| time/              |          |
|    fps             | 47       |
|    iterations      | 19       |
|    time_elapsed    | 1015     |
|    total_timesteps | 48640    |
---------------------------------
-----------------------------------------
| rollout/                |             |
|    ep_len_mean          | 80          |
|    ep_rew_mean          | -3.74       |
| time/                   |             |
|    fps                  | 47          |
|    iterations           | 20          |
|    time_elapsed         | 1072        |
|    total_timesteps      | 51200       |
| train/                  |             |
|    approx_kl            | 0.011306083 |
|    clip_fraction        | 0.0917      |
|    clip_range           | 0.2         |
|    entropy_loss         | -2.44       |
|    explained_variance   | 0           |
|    learning_rate        | 0.0003      |
|    loss                 | 0.175       |
|    n_updates            | 190         |
|    policy_gradient_loss | -0.00797    |
|    value_loss           | 0.416       |
-----------------------------------------
-----------------------------------------
| rollout/                |             |
|    ep_len_mean          | 80          |
|    ep_rew_mean          | -3.81       |
| time/                   |             |
|    fps                  | 47          |
|    iterations           | 21          |
|    time_elapsed         | 1129        |
|    total_timesteps      | 53760       |
| train/                  |             |
|    approx_kl            | 0.014033775 |
|    clip_fraction        | 0.0609      |
|    clip_range           | 0.2         |
|    entropy_loss         | -2.33       |
|    explained_variance   | 0           |
|    learning_rate        | 0.0003      |
|    loss                 | 0.187       |
|    n_updates            | 200         |
|    policy_gradient_loss | -0.00472    |
|    value_loss           | 0.396       |
-----------------------------------------
------------------------------------------
| rollout/                |              |
|    ep_len_mean          | 80           |
|    ep_rew_mean          | -3.76        |
| time/                   |              |
|    fps                  | 47           |
|    iterations           | 22           |
|    time_elapsed         | 1188         |
|    total_timesteps      | 56320        |
| train/                  |              |
|    approx_kl            | 0.0077152625 |
|    clip_fraction        | 0.0488       |
|    clip_range           | 0.2          |
|    entropy_loss         | -2.29        |
|    explained_variance   | 0            |
|    learning_rate        | 0.0003       |
|    loss                 | 0.321        |
|    n_updates            | 210          |
|    policy_gradient_loss | -0.00412     |
|    value_loss           | 0.411        |
------------------------------------------
-----------------------------------------
| rollout/                |             |
|    ep_len_mean          | 80          |
|    ep_rew_mean          | -3.69       |
| time/                   |             |
|    fps                  | 47          |
|    iterations           | 23          |
|    time_elapsed         | 1246        |
|    total_timesteps      | 58880       |
| train/                  |             |
|    approx_kl            | 0.015197176 |
|    clip_fraction        | 0.102       |
|    clip_range           | 0.2         |
|    entropy_loss         | -2.16       |
|    explained_variance   | 0           |
|    learning_rate        | 0.0003      |
|    loss                 | 0.117       |
|    n_updates            | 220         |
|    policy_gradient_loss | -0.00773    |
|    value_loss           | 0.368       |
-----------------------------------------
-----------------------------------------
| rollout/                |             |
|    ep_len_mean          | 80          |
|    ep_rew_mean          | -3.78       |
| time/                   |             |
|    fps                  | 47          |
|    iterations           | 24          |
|    time_elapsed         | 1302        |
|    total_timesteps      | 61440       |
| train/                  |             |
|    approx_kl            | 0.005529369 |
|    clip_fraction        | 0.0583      |
|    clip_range           | 0.2         |
|    entropy_loss         | -2.15       |
|    explained_variance   | 0           |
|    learning_rate        | 0.0003      |
|    loss                 | 0.178       |
|    n_updates            | 230         |
|    policy_gradient_loss | -0.00549    |
|    value_loss           | 0.366       |
-----------------------------------------
Eval num_timesteps=64000, episode_reward=-3.72 +/- 1.47
Episode length: 80.00 +/- 0.00
-----------------------------------------
| eval/                   |             |
|    mean_ep_length       | 80          |
|    mean_reward          | -3.72       |
| time/                   |             |
|    total_timesteps      | 64000       |
| train/                  |             |
|    approx_kl            | 0.009950978 |
|    clip_fraction        | 0.0674      |
|    clip_range           | 0.2         |
|    entropy_loss         | -2.05       |
|    explained_variance   | 0           |
|    learning_rate        | 0.0003      |
|    loss                 | 0.23        |
|    n_updates            | 240         |
|    policy_gradient_loss | -0.00542    |
|    value_loss           | 0.392       |
-----------------------------------------
---------------------------------
| rollout/           |          |
|    ep_len_mean     | 80       |
|    ep_rew_mean     | -3.69    |
| time/              |          |
|    fps             | 46       |
|    iterations      | 25       |
|    time_elapsed    | 1366     |
|    total_timesteps | 64000    |
---------------------------------
-----------------------------------------
| rollout/                |             |
|    ep_len_mean          | 80          |
|    ep_rew_mean          | -3.8        |
| time/                   |             |
|    fps                  | 46          |
|    iterations           | 26          |
|    time_elapsed         | 1420        |
|    total_timesteps      | 66560       |
| train/                  |             |
|    approx_kl            | 0.009885135 |
|    clip_fraction        | 0.0928      |
|    clip_range           | 0.2         |
|    entropy_loss         | -2.05       |
|    explained_variance   | 0           |
|    learning_rate        | 0.0003      |
|    loss                 | 0.22        |
|    n_updates            | 250         |
|    policy_gradient_loss | -0.00712    |
|    value_loss           | 0.399       |
-----------------------------------------
-----------------------------------------
| rollout/                |             |
|    ep_len_mean          | 80          |
|    ep_rew_mean          | -3.65       |
| time/                   |             |
|    fps                  | 46          |
|    iterations           | 27          |
|    time_elapsed         | 1472        |
|    total_timesteps      | 69120       |
| train/                  |             |
|    approx_kl            | 0.009996787 |
|    clip_fraction        | 0.0511      |
|    clip_range           | 0.2         |
|    entropy_loss         | -1.96       |
|    explained_variance   | 0           |
|    learning_rate        | 0.0003      |
|    loss                 | 0.245       |
|    n_updates            | 260         |
|    policy_gradient_loss | -0.00438    |
|    value_loss           | 0.401       |
-----------------------------------------
-----------------------------------------
| rollout/                |             |
|    ep_len_mean          | 80          |
|    ep_rew_mean          | -3.65       |
| time/                   |             |
|    fps                  | 46          |
|    iterations           | 28          |
|    time_elapsed         | 1529        |
|    total_timesteps      | 71680       |
| train/                  |             |
|    approx_kl            | 0.008126601 |
|    clip_fraction        | 0.0975      |
|    clip_range           | 0.2         |
|    entropy_loss         | -1.83       |
|    explained_variance   | -1.19e-07   |
|    learning_rate        | 0.0003      |
|    loss                 | 0.165       |
|    n_updates            | 270         |
|    policy_gradient_loss | -0.00836    |
|    value_loss           | 0.365       |
-----------------------------------------
-----------------------------------------
| rollout/                |             |
|    ep_len_mean          | 80          |
|    ep_rew_mean          | -3.54       |
| time/                   |             |
|    fps                  | 46          |
|    iterations           | 29          |
|    time_elapsed         | 1587        |
|    total_timesteps      | 74240       |
| train/                  |             |
|    approx_kl            | 0.006589698 |
|    clip_fraction        | 0.0622      |
|    clip_range           | 0.2         |
|    entropy_loss         | -1.82       |
|    explained_variance   | 1.79e-07    |
|    learning_rate        | 0.0003      |
|    loss                 | 0.162       |
|    n_updates            | 280         |
|    policy_gradient_loss | -0.00599    |
|    value_loss           | 0.361       |
-----------------------------------------
-----------------------------------------
| rollout/                |             |
|    ep_len_mean          | 80          |
|    ep_rew_mean          | -3.51       |
| time/                   |             |
|    fps                  | 46          |
|    iterations           | 30          |
|    time_elapsed         | 1643        |
|    total_timesteps      | 76800       |
| train/                  |             |
|    approx_kl            | 0.006209026 |
|    clip_fraction        | 0.039       |
|    clip_range           | 0.2         |
|    entropy_loss         | -1.82       |
|    explained_variance   | -1.19e-07   |
|    learning_rate        | 0.0003      |
|    loss                 | 0.167       |
|    n_updates            | 290         |
|    policy_gradient_loss | -0.00322    |
|    value_loss           | 0.351       |
-----------------------------------------
-----------------------------------------
| rollout/                |             |
|    ep_len_mean          | 80          |
|    ep_rew_mean          | -3.49       |
| time/                   |             |
|    fps                  | 46          |
|    iterations           | 31          |
|    time_elapsed         | 1701        |
|    total_timesteps      | 79360       |
| train/                  |             |
|    approx_kl            | 0.006474591 |
|    clip_fraction        | 0.0475      |
|    clip_range           | 0.2         |
|    entropy_loss         | -1.92       |
|    explained_variance   | -1.19e-07   |
|    learning_rate        | 0.0003      |
|    loss                 | 0.109       |
|    n_updates            | 300         |
|    policy_gradient_loss | -0.00382    |
|    value_loss           | 0.356       |
-----------------------------------------
Eval num_timesteps=80000, episode_reward=-3.35 +/- 0.89
Episode length: 80.00 +/- 0.00
----------------------------------------
| eval/                   |            |
|    mean_ep_length       | 80         |
|    mean_reward          | -3.35      |
| time/                   |            |
|    total_timesteps      | 80000      |
| train/                  |            |
|    approx_kl            | 0.01214624 |
|    clip_fraction        | 0.0779     |
|    clip_range           | 0.2        |
|    entropy_loss         | -1.78      |
|    explained_variance   | 0          |
|    learning_rate        | 0.0003     |
|    loss                 | 0.152      |
|    n_updates            | 310        |
|    policy_gradient_loss | -0.00576   |
|    value_loss           | 0.355      |
----------------------------------------
---------------------------------
| rollout/           |          |
|    ep_len_mean     | 80       |
|    ep_rew_mean     | -3.51    |
| time/              |          |
|    fps             | 46       |
|    iterations      | 32       |
|    time_elapsed    | 1766     |
|    total_timesteps | 81920    |
---------------------------------
------------------------------------------
| rollout/                |              |
|    ep_len_mean          | 80           |
|    ep_rew_mean          | -3.81        |
| time/                   |              |
|    fps                  | 46           |
|    iterations           | 33           |
|    time_elapsed         | 1820         |
|    total_timesteps      | 84480        |
| train/                  |              |
|    approx_kl            | 0.0068758354 |
|    clip_fraction        | 0.0634       |
|    clip_range           | 0.2          |
|    entropy_loss         | -1.71        |
|    explained_variance   | 0            |
|    learning_rate        | 0.0003       |
|    loss                 | 0.147        |
|    n_updates            | 320          |
|    policy_gradient_loss | -0.00482     |
|    value_loss           | 0.349        |
------------------------------------------
-----------------------------------------
| rollout/                |             |
|    ep_len_mean          | 80          |
|    ep_rew_mean          | -3.89       |
| time/                   |             |
|    fps                  | 46          |
|    iterations           | 34          |
|    time_elapsed         | 1872        |
|    total_timesteps      | 87040       |
| train/                  |             |
|    approx_kl            | 0.011025892 |
|    clip_fraction        | 0.0636      |
|    clip_range           | 0.2         |
|    entropy_loss         | -1.57       |
|    explained_variance   | 0           |
|    learning_rate        | 0.0003      |
|    loss                 | 0.276       |
|    n_updates            | 330         |
|    policy_gradient_loss | -0.00478    |
|    value_loss           | 0.395       |
-----------------------------------------
------------------------------------------
| rollout/                |              |
|    ep_len_mean          | 80           |
|    ep_rew_mean          | -3.79        |
| time/                   |              |
|    fps                  | 46           |
|    iterations           | 35           |
|    time_elapsed         | 1924         |
|    total_timesteps      | 89600        |
| train/                  |              |
|    approx_kl            | 0.0049232123 |
|    clip_fraction        | 0.0441       |
|    clip_range           | 0.2          |
|    entropy_loss         | -1.55        |
|    explained_variance   | -1.19e-07    |
|    learning_rate        | 0.0003       |
|    loss                 | 0.193        |
|    n_updates            | 340          |
|    policy_gradient_loss | -0.00368     |
|    value_loss           | 0.412        |
------------------------------------------
------------------------------------------
| rollout/                |              |
|    ep_len_mean          | 80           |
|    ep_rew_mean          | -3.67        |
| time/                   |              |
|    fps                  | 46           |
|    iterations           | 36           |
|    time_elapsed         | 1977         |
|    total_timesteps      | 92160        |
| train/                  |              |
|    approx_kl            | 0.0072081015 |
|    clip_fraction        | 0.0409       |
|    clip_range           | 0.2          |
|    entropy_loss         | -1.48        |
|    explained_variance   | 0            |
|    learning_rate        | 0.0003       |
|    loss                 | 0.107        |
|    n_updates            | 350          |
|    policy_gradient_loss | -0.00315     |
|    value_loss           | 0.353        |
------------------------------------------
------------------------------------------
| rollout/                |              |
|    ep_len_mean          | 80           |
|    ep_rew_mean          | -3.58        |
| time/                   |              |
|    fps                  | 46           |
|    iterations           | 37           |
|    time_elapsed         | 2029         |
|    total_timesteps      | 94720        |
| train/                  |              |
|    approx_kl            | 0.0059872516 |
|    clip_fraction        | 0.048        |
|    clip_range           | 0.2          |
|    entropy_loss         | -1.54        |
|    explained_variance   | -1.19e-07    |
|    learning_rate        | 0.0003       |
|    loss                 | 0.166        |
|    n_updates            | 360          |
|    policy_gradient_loss | -0.00417     |
|    value_loss           | 0.4          |
------------------------------------------
Eval num_timesteps=96000, episode_reward=-4.17 +/- 1.48
Episode length: 80.00 +/- 0.00
------------------------------------------
| eval/                   |              |
|    mean_ep_length       | 80           |
|    mean_reward          | -4.17        |
| time/                   |              |
|    total_timesteps      | 96000        |
| train/                  |              |
|    approx_kl            | 0.0063043414 |
|    clip_fraction        | 0.0318       |
|    clip_range           | 0.2          |
|    entropy_loss         | -1.48        |
|    explained_variance   | 0            |
|    learning_rate        | 0.0003       |
|    loss                 | 0.168        |
|    n_updates            | 370          |
|    policy_gradient_loss | -0.00287     |
|    value_loss           | 0.365        |
------------------------------------------
---------------------------------
| rollout/           |          |
|    ep_len_mean     | 80       |
|    ep_rew_mean     | -3.66    |
| time/              |          |
|    fps             | 46       |
|    iterations      | 38       |
|    time_elapsed    | 2087     |
|    total_timesteps | 97280    |
---------------------------------
------------------------------------------
| rollout/                |              |
|    ep_len_mean          | 80           |
|    ep_rew_mean          | -3.68        |
| time/                   |              |
|    fps                  | 46           |
|    iterations           | 39           |
|    time_elapsed         | 2139         |
|    total_timesteps      | 99840        |
| train/                  |              |
|    approx_kl            | 0.0057002157 |
|    clip_fraction        | 0.0575       |
|    clip_range           | 0.2          |
|    entropy_loss         | -1.51        |
|    explained_variance   | 0            |
|    learning_rate        | 0.0003       |
|    loss                 | 0.208        |
|    n_updates            | 380          |
|    policy_gradient_loss | -0.00503     |
|    value_loss           | 0.365        |
------------------------------------------
------------------------------------------
| rollout/                |              |
|    ep_len_mean          | 80           |
|    ep_rew_mean          | -3.59        |
| time/                   |              |
|    fps                  | 46           |
|    iterations           | 40           |
|    time_elapsed         | 2191         |
|    total_timesteps      | 102400       |
| train/                  |              |
|    approx_kl            | 0.0057527293 |
|    clip_fraction        | 0.0502       |
|    clip_range           | 0.2          |
|    entropy_loss         | -1.57        |
|    explained_variance   | 0            |
|    learning_rate        | 0.0003       |
|    loss                 | 0.193        |
|    n_updates            | 390          |
|    policy_gradient_loss | -0.00415     |
|    value_loss           | 0.38         |
------------------------------------------
-----------------------------------------
| rollout/                |             |
|    ep_len_mean          | 80          |
|    ep_rew_mean          | -3.68       |
| time/                   |             |
|    fps                  | 46          |
|    iterations           | 41          |
|    time_elapsed         | 2244        |
|    total_timesteps      | 104960      |
| train/                  |             |
|    approx_kl            | 0.005136068 |
|    clip_fraction        | 0.042       |
|    clip_range           | 0.2         |
|    entropy_loss         | -1.55       |
|    explained_variance   | 0           |
|    learning_rate        | 0.0003      |
|    loss                 | 0.221       |
|    n_updates            | 400         |
|    policy_gradient_loss | -0.00345    |
|    value_loss           | 0.349       |
-----------------------------------------
-----------------------------------------
| rollout/                |             |
|    ep_len_mean          | 80          |
|    ep_rew_mean          | -3.65       |
| time/                   |             |
|    fps                  | 46          |
|    iterations           | 42          |
|    time_elapsed         | 2296        |
|    total_timesteps      | 107520      |
| train/                  |             |
|    approx_kl            | 0.007393797 |
|    clip_fraction        | 0.0935      |
|    clip_range           | 0.2         |
|    entropy_loss         | -1.47       |
|    explained_variance   | 0           |
|    learning_rate        | 0.0003      |
|    loss                 | 0.163       |
|    n_updates            | 410         |
|    policy_gradient_loss | -0.00837    |
|    value_loss           | 0.361       |
-----------------------------------------
-----------------------------------------
| rollout/                |             |
|    ep_len_mean          | 80          |
|    ep_rew_mean          | -3.91       |
| time/                   |             |
|    fps                  | 46          |
|    iterations           | 43          |
|    time_elapsed         | 2348        |
|    total_timesteps      | 110080      |
| train/                  |             |
|    approx_kl            | 0.004461393 |
|    clip_fraction        | 0.0483      |
|    clip_range           | 0.2         |
|    entropy_loss         | -1.51       |
|    explained_variance   | 0           |
|    learning_rate        | 0.0003      |
|    loss                 | 0.154       |
|    n_updates            | 420         |
|    policy_gradient_loss | -0.00482    |
|    value_loss           | 0.405       |
-----------------------------------------
Eval num_timesteps=112000, episode_reward=-3.60 +/- 1.69
Episode length: 80.00 +/- 0.00
------------------------------------------
| eval/                   |              |
|    mean_ep_length       | 80           |
|    mean_reward          | -3.6         |
| time/                   |              |
|    total_timesteps      | 112000       |
| train/                  |              |
|    approx_kl            | 0.0065808804 |
|    clip_fraction        | 0.0288       |
|    clip_range           | 0.2          |
|    entropy_loss         | -1.46        |
|    explained_variance   | 0            |
|    learning_rate        | 0.0003       |
|    loss                 | 0.244        |
|    n_updates            | 430          |
|    policy_gradient_loss | -0.00247     |
|    value_loss           | 0.413        |
------------------------------------------
---------------------------------
| rollout/           |          |
|    ep_len_mean     | 80       |
|    ep_rew_mean     | -3.91    |
| time/              |          |
|    fps             | 46       |
|    iterations      | 44       |
|    time_elapsed    | 2406     |
|    total_timesteps | 112640   |
---------------------------------
------------------------------------------
| rollout/                |              |
|    ep_len_mean          | 80           |
|    ep_rew_mean          | -3.78        |
| time/                   |              |
|    fps                  | 46           |
|    iterations           | 45           |
|    time_elapsed         | 2458         |
|    total_timesteps      | 115200       |
| train/                  |              |
|    approx_kl            | 0.0046665296 |
|    clip_fraction        | 0.031        |
|    clip_range           | 0.2          |
|    entropy_loss         | -1.48        |
|    explained_variance   | 0            |
|    learning_rate        | 0.0003       |
|    loss                 | 0.175        |
|    n_updates            | 440          |
|    policy_gradient_loss | -0.00268     |
|    value_loss           | 0.392        |
------------------------------------------
------------------------------------------
| rollout/                |              |
|    ep_len_mean          | 80           |
|    ep_rew_mean          | -3.69        |
| time/                   |              |
|    fps                  | 46           |
|    iterations           | 46           |
|    time_elapsed         | 2509         |
|    total_timesteps      | 117760       |
| train/                  |              |
|    approx_kl            | 0.0060090288 |
|    clip_fraction        | 0.0383       |
|    clip_range           | 0.2          |
|    entropy_loss         | -1.4         |
|    explained_variance   | 0            |
|    learning_rate        | 0.0003       |
|    loss                 | 0.171        |
|    n_updates            | 450          |
|    policy_gradient_loss | -0.00295     |
|    value_loss           | 0.358        |
------------------------------------------
------------------------------------------
| rollout/                |              |
|    ep_len_mean          | 80           |
|    ep_rew_mean          | -3.59        |
| time/                   |              |
|    fps                  | 46           |
|    iterations           | 47           |
|    time_elapsed         | 2560         |
|    total_timesteps      | 120320       |
| train/                  |              |
|    approx_kl            | 0.0031508624 |
|    clip_fraction        | 0.0268       |
|    clip_range           | 0.2          |
|    entropy_loss         | -1.35        |
|    explained_variance   | 0            |
|    learning_rate        | 0.0003       |
|    loss                 | 0.208        |
|    n_updates            | 460          |
|    policy_gradient_loss | -0.00219     |
|    value_loss           | 0.365        |
------------------------------------------
-----------------------------------------
| rollout/                |             |
|    ep_len_mean          | 80          |
|    ep_rew_mean          | -3.6        |
| time/                   |             |
|    fps                  | 47          |
|    iterations           | 48          |
|    time_elapsed         | 2611        |
|    total_timesteps      | 122880      |
| train/                  |             |
|    approx_kl            | 0.004136806 |
|    clip_fraction        | 0.0312      |
|    clip_range           | 0.2         |
|    entropy_loss         | -1.34       |
|    explained_variance   | 0           |
|    learning_rate        | 0.0003      |
|    loss                 | 0.13        |
|    n_updates            | 470         |
|    policy_gradient_loss | -0.00292    |
|    value_loss           | 0.363       |
-----------------------------------------
-----------------------------------------
| rollout/                |             |
|    ep_len_mean          | 80          |
|    ep_rew_mean          | -3.6        |
| time/                   |             |
|    fps                  | 47          |
|    iterations           | 49          |
|    time_elapsed         | 2662        |
|    total_timesteps      | 125440      |
| train/                  |             |
|    approx_kl            | 0.005170244 |
|    clip_fraction        | 0.0585      |
|    clip_range           | 0.2         |
|    entropy_loss         | -1.46       |
|    explained_variance   | 0           |
|    learning_rate        | 0.0003      |
|    loss                 | 0.148       |
|    n_updates            | 480         |
|    policy_gradient_loss | -0.00468    |
|    value_loss           | 0.356       |
-----------------------------------------
Eval num_timesteps=128000, episode_reward=-4.06 +/- 1.04
Episode length: 80.00 +/- 0.00
-----------------------------------------
| eval/                   |             |
|    mean_ep_length       | 80          |
|    mean_reward          | -4.06       |
| time/                   |             |
|    total_timesteps      | 128000      |
| train/                  |             |
|    approx_kl            | 0.007908069 |
|    clip_fraction        | 0.0798      |
|    clip_range           | 0.2         |
|    entropy_loss         | -1.32       |
|    explained_variance   | 0           |
|    learning_rate        | 0.0003      |
|    loss                 | 0.209       |
|    n_updates            | 490         |
|    policy_gradient_loss | -0.00636    |
|    value_loss           | 0.361       |
-----------------------------------------
---------------------------------
| rollout/           |          |
|    ep_len_mean     | 80       |
|    ep_rew_mean     | -3.62    |
| time/              |          |
|    fps             | 47       |
|    iterations      | 50       |
|    time_elapsed    | 2719     |
|    total_timesteps | 128000   |
---------------------------------
-----------------------------------------
| rollout/                |             |
|    ep_len_mean          | 80          |
|    ep_rew_mean          | -3.81       |
| time/                   |             |
|    fps                  | 47          |
|    iterations           | 51          |
|    time_elapsed         | 2770        |
|    total_timesteps      | 130560      |
| train/                  |             |
|    approx_kl            | 0.005787997 |
|    clip_fraction        | 0.0394      |
|    clip_range           | 0.2         |
|    entropy_loss         | -1.22       |
|    explained_variance   | 0           |
|    learning_rate        | 0.0003      |
|    loss                 | 0.111       |
|    n_updates            | 500         |
|    policy_gradient_loss | -0.00261    |
|    value_loss           | 0.353       |
-----------------------------------------
------------------------------------------
| rollout/                |              |
|    ep_len_mean          | 80           |
|    ep_rew_mean          | -3.76        |
| time/                   |              |
|    fps                  | 47           |
|    iterations           | 52           |
|    time_elapsed         | 2821         |
|    total_timesteps      | 133120       |
| train/                  |              |
|    approx_kl            | 0.0051043867 |
|    clip_fraction        | 0.035        |
|    clip_range           | 0.2          |
|    entropy_loss         | -1.17        |
|    explained_variance   | 0            |
|    learning_rate        | 0.0003       |
|    loss                 | 0.22         |
|    n_updates            | 510          |
|    policy_gradient_loss | -0.00269     |
|    value_loss           | 0.405        |
------------------------------------------
------------------------------------------
| rollout/                |              |
|    ep_len_mean          | 80           |
|    ep_rew_mean          | -3.81        |
| time/                   |              |
|    fps                  | 47           |
|    iterations           | 53           |
|    time_elapsed         | 2872         |
|    total_timesteps      | 135680       |
| train/                  |              |
|    approx_kl            | 0.0043951655 |
|    clip_fraction        | 0.0501       |
|    clip_range           | 0.2          |
|    entropy_loss         | -1.06        |
|    explained_variance   | 0            |
|    learning_rate        | 0.0003       |
|    loss                 | 0.186        |
|    n_updates            | 520          |
|    policy_gradient_loss | -0.00476     |
|    value_loss           | 0.378        |
------------------------------------------
------------------------------------------
| rollout/                |              |
|    ep_len_mean          | 80           |
|    ep_rew_mean          | -3.58        |
| time/                   |              |
|    fps                  | 47           |
|    iterations           | 54           |
|    time_elapsed         | 2923         |
|    total_timesteps      | 138240       |
| train/                  |              |
|    approx_kl            | 0.0048999037 |
|    clip_fraction        | 0.0548       |
|    clip_range           | 0.2          |
|    entropy_loss         | -0.996       |
|    explained_variance   | 5.96e-08     |
|    learning_rate        | 0.0003       |
|    loss                 | 0.172        |
|    n_updates            | 530          |
|    policy_gradient_loss | -0.00471     |
|    value_loss           | 0.39         |
------------------------------------------
------------------------------------------
| rollout/                |              |
|    ep_len_mean          | 80           |
|    ep_rew_mean          | -3.63        |
| time/                   |              |
|    fps                  | 47           |
|    iterations           | 55           |
|    time_elapsed         | 2975         |
|    total_timesteps      | 140800       |
| train/                  |              |
|    approx_kl            | 0.0030698194 |
|    clip_fraction        | 0.0204       |
|    clip_range           | 0.2          |
|    entropy_loss         | -0.938       |
|    explained_variance   | 0            |
|    learning_rate        | 0.0003       |
|    loss                 | 0.136        |
|    n_updates            | 540          |
|    policy_gradient_loss | -0.00163     |
|    value_loss           | 0.381        |
------------------------------------------
-----------------------------------------
| rollout/                |             |
|    ep_len_mean          | 80          |
|    ep_rew_mean          | -3.7        |
| time/                   |             |
|    fps                  | 47          |
|    iterations           | 56          |
|    time_elapsed         | 3026        |
|    total_timesteps      | 143360      |
| train/                  |             |
|    approx_kl            | 0.002910969 |
|    clip_fraction        | 0.0395      |
|    clip_range           | 0.2         |
|    entropy_loss         | -0.938      |
|    explained_variance   | 0           |
|    learning_rate        | 0.0003      |
|    loss                 | 0.161       |
|    n_updates            | 550         |
|    policy_gradient_loss | -0.0037     |
|    value_loss           | 0.372       |
-----------------------------------------
Eval num_timesteps=144000, episode_reward=-4.63 +/- 1.32
Episode length: 80.00 +/- 0.00
-----------------------------------------
| eval/                   |             |
|    mean_ep_length       | 80          |
|    mean_reward          | -4.63       |
| time/                   |             |
|    total_timesteps      | 144000      |
| train/                  |             |
|    approx_kl            | 0.002686621 |
|    clip_fraction        | 0.0193      |
|    clip_range           | 0.2         |
|    entropy_loss         | -0.885      |
|    explained_variance   | 0           |
|    learning_rate        | 0.0003      |
|    loss                 | 0.195       |
|    n_updates            | 560         |
|    policy_gradient_loss | -0.00187    |
|    value_loss           | 0.402       |
-----------------------------------------
---------------------------------
| rollout/           |          |
|    ep_len_mean     | 80       |
|    ep_rew_mean     | -3.6     |
| time/              |          |
|    fps             | 47       |
|    iterations      | 57       |
|    time_elapsed    | 3083     |
|    total_timesteps | 145920   |
---------------------------------
-----------------------------------------
| rollout/                |             |
|    ep_len_mean          | 80          |
|    ep_rew_mean          | -3.71       |
| time/                   |             |
|    fps                  | 47          |
|    iterations           | 58          |
|    time_elapsed         | 3134        |
|    total_timesteps      | 148480      |
| train/                  |             |
|    approx_kl            | 0.003153824 |
|    clip_fraction        | 0.0404      |
|    clip_range           | 0.2         |
|    entropy_loss         | -0.895      |
|    explained_variance   | 0           |
|    learning_rate        | 0.0003      |
|    loss                 | 0.184       |
|    n_updates            | 570         |
|    policy_gradient_loss | -0.00374    |
|    value_loss           | 0.352       |
-----------------------------------------
-----------------------------------------
| rollout/                |             |
|    ep_len_mean          | 80          |
|    ep_rew_mean          | -3.58       |
| time/                   |             |
|    fps                  | 47          |
|    iterations           | 59          |
|    time_elapsed         | 3186        |
|    total_timesteps      | 151040      |
| train/                  |             |
|    approx_kl            | 0.002875891 |
|    clip_fraction        | 0.0488      |
|    clip_range           | 0.2         |
|    entropy_loss         | -0.972      |
|    explained_variance   | 0           |
|    learning_rate        | 0.0003      |
|    loss                 | 0.189       |
|    n_updates            | 580         |
|    policy_gradient_loss | -0.00443    |
|    value_loss           | 0.404       |
-----------------------------------------
------------------------------------------
| rollout/                |              |
|    ep_len_mean          | 80           |
|    ep_rew_mean          | -3.64        |
| time/                   |              |
|    fps                  | 47           |
|    iterations           | 60           |
|    time_elapsed         | 3237         |
|    total_timesteps      | 153600       |
| train/                  |              |
|    approx_kl            | 0.0028671455 |
|    clip_fraction        | 0.0254       |
|    clip_range           | 0.2          |
|    entropy_loss         | -0.947       |
|    explained_variance   | 0            |
|    learning_rate        | 0.0003       |
|    loss                 | 0.166        |
|    n_updates            | 590          |
|    policy_gradient_loss | -0.00248     |
|    value_loss           | 0.369        |
------------------------------------------
-----------------------------------------
| rollout/                |             |
|    ep_len_mean          | 80          |
|    ep_rew_mean          | -3.54       |
| time/                   |             |
|    fps                  | 47          |
|    iterations           | 61          |
|    time_elapsed         | 3289        |
|    total_timesteps      | 156160      |
| train/                  |             |
|    approx_kl            | 0.004546435 |
|    clip_fraction        | 0.0476      |
|    clip_range           | 0.2         |
|    entropy_loss         | -0.859      |
|    explained_variance   | 0           |
|    learning_rate        | 0.0003      |
|    loss                 | 0.147       |
|    n_updates            | 600         |
|    policy_gradient_loss | -0.00389    |
|    value_loss           | 0.387       |
-----------------------------------------
------------------------------------------
| rollout/                |              |
|    ep_len_mean          | 80           |
|    ep_rew_mean          | -3.73        |
| time/                   |              |
|    fps                  | 47           |
|    iterations           | 62           |
|    time_elapsed         | 3340         |
|    total_timesteps      | 158720       |
| train/                  |              |
|    approx_kl            | 0.0035120372 |
|    clip_fraction        | 0.044        |
|    clip_range           | 0.2          |
|    entropy_loss         | -0.791       |
|    explained_variance   | 0            |
|    learning_rate        | 0.0003       |
|    loss                 | 0.163        |
|    n_updates            | 610          |
|    policy_gradient_loss | -0.00393     |
|    value_loss           | 0.354        |
------------------------------------------
Eval num_timesteps=160000, episode_reward=-2.93 +/- 0.78
Episode length: 80.00 +/- 0.00
----------------------------------------
| eval/                   |            |
|    mean_ep_length       | 80         |
|    mean_reward          | -2.93      |
| time/                   |            |
|    total_timesteps      | 160000     |
| train/                  |            |
|    approx_kl            | 0.00246219 |
|    clip_fraction        | 0.0335     |
|    clip_range           | 0.2        |
|    entropy_loss         | -0.764     |
|    explained_variance   | 5.96e-08   |
|    learning_rate        | 0.0003     |
|    loss                 | 0.221      |
|    n_updates            | 620        |
|    policy_gradient_loss | -0.00308   |
|    value_loss           | 0.407      |
----------------------------------------
New best mean reward!
---------------------------------
| rollout/           |          |
|    ep_len_mean     | 80       |
|    ep_rew_mean     | -3.75    |
| time/              |          |
|    fps             | 47       |
|    iterations      | 63       |
|    time_elapsed    | 3396     |
|    total_timesteps | 161280   |
---------------------------------
------------------------------------------
| rollout/                |              |
|    ep_len_mean          | 80           |
|    ep_rew_mean          | -3.92        |
| time/                   |              |
|    fps                  | 47           |
|    iterations           | 64           |
|    time_elapsed         | 3446         |
|    total_timesteps      | 163840       |
| train/                  |              |
|    approx_kl            | 0.0021269186 |
|    clip_fraction        | 0.0192       |
|    clip_range           | 0.2          |
|    entropy_loss         | -0.752       |
|    explained_variance   | 0            |
|    learning_rate        | 0.0003       |
|    loss                 | 0.199        |
|    n_updates            | 630          |
|    policy_gradient_loss | -0.00188     |
|    value_loss           | 0.391        |
------------------------------------------
------------------------------------------
| rollout/                |              |
|    ep_len_mean          | 80           |
|    ep_rew_mean          | -3.83        |
| time/                   |              |
|    fps                  | 47           |
|    iterations           | 65           |
|    time_elapsed         | 3497         |
|    total_timesteps      | 166400       |
| train/                  |              |
|    approx_kl            | 0.0018377599 |
|    clip_fraction        | 0.0186       |
|    clip_range           | 0.2          |
|    entropy_loss         | -0.755       |
|    explained_variance   | 0            |
|    learning_rate        | 0.0003       |
|    loss                 | 0.176        |
|    n_updates            | 640          |
|    policy_gradient_loss | -0.00143     |
|    value_loss           | 0.433        |
------------------------------------------
----------------------------------------
| rollout/                |            |
|    ep_len_mean          | 80         |
|    ep_rew_mean          | -3.91      |
| time/                   |            |
|    fps                  | 47         |
|    iterations           | 66         |
|    time_elapsed         | 3547       |
|    total_timesteps      | 168960     |
| train/                  |            |
|    approx_kl            | 0.00270706 |
|    clip_fraction        | 0.0457     |
|    clip_range           | 0.2        |
|    entropy_loss         | -0.737     |
|    explained_variance   | 0          |
|    learning_rate        | 0.0003     |
|    loss                 | 0.306      |
|    n_updates            | 650        |
|    policy_gradient_loss | -0.00439   |
|    value_loss           | 0.398      |
----------------------------------------
------------------------------------------
| rollout/                |              |
|    ep_len_mean          | 80           |
|    ep_rew_mean          | -3.79        |
| time/                   |              |
|    fps                  | 47           |
|    iterations           | 67           |
|    time_elapsed         | 3598         |
|    total_timesteps      | 171520       |
| train/                  |              |
|    approx_kl            | 0.0022476087 |
|    clip_fraction        | 0.0432       |
|    clip_range           | 0.2          |
|    entropy_loss         | -0.79        |
|    explained_variance   | 1.19e-07     |
|    learning_rate        | 0.0003       |
|    loss                 | 0.201        |
|    n_updates            | 660          |
|    policy_gradient_loss | -0.00391     |
|    value_loss           | 0.423        |
------------------------------------------
------------------------------------------
| rollout/                |              |
|    ep_len_mean          | 80           |
|    ep_rew_mean          | -3.67        |
| time/                   |              |
|    fps                  | 47           |
|    iterations           | 68           |
|    time_elapsed         | 3649         |
|    total_timesteps      | 174080       |
| train/                  |              |
|    approx_kl            | 0.0035036518 |
|    clip_fraction        | 0.038        |
|    clip_range           | 0.2          |
|    entropy_loss         | -0.697       |
|    explained_variance   | 0            |
|    learning_rate        | 0.0003       |
|    loss                 | 0.236        |
|    n_updates            | 670          |
|    policy_gradient_loss | -0.00278     |
|    value_loss           | 0.401        |
------------------------------------------
Eval num_timesteps=176000, episode_reward=-3.43 +/- 1.07
Episode length: 80.00 +/- 0.00
-----------------------------------------
| eval/                   |             |
|    mean_ep_length       | 80          |
|    mean_reward          | -3.43       |
| time/                   |             |
|    total_timesteps      | 176000      |
| train/                  |             |
|    approx_kl            | 0.002483298 |
|    clip_fraction        | 0.0236      |
|    clip_range           | 0.2         |
|    entropy_loss         | -0.657      |
|    explained_variance   | 0           |
|    learning_rate        | 0.0003      |
|    loss                 | 0.206       |
|    n_updates            | 680         |
|    policy_gradient_loss | -0.00239    |
|    value_loss           | 0.362       |
-----------------------------------------
---------------------------------
| rollout/           |          |
|    ep_len_mean     | 80       |
|    ep_rew_mean     | -3.71    |
| time/              |          |
|    fps             | 47       |
|    iterations      | 69       |
|    time_elapsed    | 3706     |
|    total_timesteps | 176640   |
---------------------------------
------------------------------------------
| rollout/                |              |
|    ep_len_mean          | 80           |
|    ep_rew_mean          | -3.69        |
| time/                   |              |
|    fps                  | 47           |
|    iterations           | 70           |
|    time_elapsed         | 3757         |
|    total_timesteps      | 179200       |
| train/                  |              |
|    approx_kl            | 0.0022119614 |
|    clip_fraction        | 0.0179       |
|    clip_range           | 0.2          |
|    entropy_loss         | -0.626       |
|    explained_variance   | 5.96e-08     |
|    learning_rate        | 0.0003       |
|    loss                 | 0.166        |
|    n_updates            | 690          |
|    policy_gradient_loss | -0.00158     |
|    value_loss           | 0.377        |
------------------------------------------
------------------------------------------
| rollout/                |              |
|    ep_len_mean          | 80           |
|    ep_rew_mean          | -3.83        |
| time/                   |              |
|    fps                  | 47           |
|    iterations           | 71           |
|    time_elapsed         | 3807         |
|    total_timesteps      | 181760       |
| train/                  |              |
|    approx_kl            | 0.0023873614 |
|    clip_fraction        | 0.0348       |
|    clip_range           | 0.2          |
|    entropy_loss         | -0.585       |
|    explained_variance   | 0            |
|    learning_rate        | 0.0003       |
|    loss                 | 0.223        |
|    n_updates            | 700          |
|    policy_gradient_loss | -0.00353     |
|    value_loss           | 0.395        |
------------------------------------------
------------------------------------------
| rollout/                |              |
|    ep_len_mean          | 80           |
|    ep_rew_mean          | -3.83        |
| time/                   |              |
|    fps                  | 47           |
|    iterations           | 72           |
|    time_elapsed         | 3858         |
|    total_timesteps      | 184320       |
| train/                  |              |
|    approx_kl            | 0.0012463068 |
|    clip_fraction        | 0.00949      |
|    clip_range           | 0.2          |
|    entropy_loss         | -0.614       |
|    explained_variance   | 0            |
|    learning_rate        | 0.0003       |
|    loss                 | 0.214        |
|    n_updates            | 710          |
|    policy_gradient_loss | -0.000618    |
|    value_loss           | 0.381        |
------------------------------------------
------------------------------------------
| rollout/                |              |
|    ep_len_mean          | 80           |
|    ep_rew_mean          | -3.77        |
| time/                   |              |
|    fps                  | 47           |
|    iterations           | 73           |
|    time_elapsed         | 3908         |
|    total_timesteps      | 186880       |
| train/                  |              |
|    approx_kl            | 0.0013321855 |
|    clip_fraction        | 0.0157       |
|    clip_range           | 0.2          |
|    entropy_loss         | -0.598       |
|    explained_variance   | 0            |
|    learning_rate        | 0.0003       |
|    loss                 | 0.197        |
|    n_updates            | 720          |
|    policy_gradient_loss | -0.00152     |
|    value_loss           | 0.408        |
------------------------------------------
------------------------------------------
| rollout/                |              |
|    ep_len_mean          | 80           |
|    ep_rew_mean          | -3.7         |
| time/                   |              |
|    fps                  | 47           |
|    iterations           | 74           |
|    time_elapsed         | 3958         |
|    total_timesteps      | 189440       |
| train/                  |              |
|    approx_kl            | 0.0016911316 |
|    clip_fraction        | 0.0195       |
|    clip_range           | 0.2          |
|    entropy_loss         | -0.587       |
|    explained_variance   | 0            |
|    learning_rate        | 0.0003       |
|    loss                 | 0.187        |
|    n_updates            | 730          |
|    policy_gradient_loss | -0.00242     |
|    value_loss           | 0.387        |
------------------------------------------
Eval num_timesteps=192000, episode_reward=-3.72 +/- 1.65
Episode length: 80.00 +/- 0.00
------------------------------------------
| eval/                   |              |
|    mean_ep_length       | 80           |
|    mean_reward          | -3.72        |
| time/                   |              |
|    total_timesteps      | 192000       |
| train/                  |              |
|    approx_kl            | 0.0017002744 |
|    clip_fraction        | 0.0288       |
|    clip_range           | 0.2          |
|    entropy_loss         | -0.529       |
|    explained_variance   | 0            |
|    learning_rate        | 0.0003       |
|    loss                 | 0.173        |
|    n_updates            | 740          |
|    policy_gradient_loss | -0.00277     |
|    value_loss           | 0.383        |
------------------------------------------
---------------------------------
| rollout/           |          |
|    ep_len_mean     | 80       |
|    ep_rew_mean     | -3.6     |
| time/              |          |
|    fps             | 47       |
|    iterations      | 75       |
|    time_elapsed    | 4014     |
|    total_timesteps | 192000   |
---------------------------------
-----------------------------------------
| rollout/                |             |
|    ep_len_mean          | 80          |
|    ep_rew_mean          | -3.64       |
| time/                   |             |
|    fps                  | 47          |
|    iterations           | 76          |
|    time_elapsed         | 4065        |
|    total_timesteps      | 194560      |
| train/                  |             |
|    approx_kl            | 0.001568247 |
|    clip_fraction        | 0.0165      |
|    clip_range           | 0.2         |
|    entropy_loss         | -0.516      |
|    explained_variance   | 0           |
|    learning_rate        | 0.0003      |
|    loss                 | 0.131       |
|    n_updates            | 750         |
|    policy_gradient_loss | -0.00185    |
|    value_loss           | 0.389       |
-----------------------------------------
------------------------------------------
| rollout/                |              |
|    ep_len_mean          | 80           |
|    ep_rew_mean          | -3.53        |
| time/                   |              |
|    fps                  | 47           |
|    iterations           | 77           |
|    time_elapsed         | 4116         |
|    total_timesteps      | 197120       |
| train/                  |              |
|    approx_kl            | 0.0012884566 |
|    clip_fraction        | 0.0154       |
|    clip_range           | 0.2          |
|    entropy_loss         | -0.493       |
|    explained_variance   | 0            |
|    learning_rate        | 0.0003       |
|    loss                 | 0.221        |
|    n_updates            | 760          |
|    policy_gradient_loss | -0.00151     |
|    value_loss           | 0.342        |
------------------------------------------
------------------------------------------
| rollout/                |              |
|    ep_len_mean          | 80           |
|    ep_rew_mean          | -3.58        |
| time/                   |              |
|    fps                  | 47           |
|    iterations           | 78           |
|    time_elapsed         | 4167         |
|    total_timesteps      | 199680       |
| train/                  |              |
|    approx_kl            | 0.0013908248 |
|    clip_fraction        | 0.0147       |
|    clip_range           | 0.2          |
|    entropy_loss         | -0.474       |
|    explained_variance   | 5.96e-08     |
|    learning_rate        | 0.0003       |
|    loss                 | 0.206        |
|    n_updates            | 770          |
|    policy_gradient_loss | -0.00154     |
|    value_loss           | 0.368        |
------------------------------------------
------------------------------------------
| rollout/                |              |
|    ep_len_mean          | 80           |
|    ep_rew_mean          | -3.58        |
| time/                   |              |
|    fps                  | 47           |
|    iterations           | 79           |
|    time_elapsed         | 4218         |
|    total_timesteps      | 202240       |
| train/                  |              |
|    approx_kl            | 0.0019369818 |
|    clip_fraction        | 0.0309       |
|    clip_range           | 0.2          |
|    entropy_loss         | -0.409       |
|    explained_variance   | 0            |
|    learning_rate        | 0.0003       |
|    loss                 | 0.214        |
|    n_updates            | 780          |
|    policy_gradient_loss | -0.00256     |
|    value_loss           | 0.357        |
------------------------------------------
------------------------------------------
| rollout/                |              |
|    ep_len_mean          | 80           |
|    ep_rew_mean          | -3.76        |
| time/                   |              |
|    fps                  | 47           |
|    iterations           | 80           |
|    time_elapsed         | 4270         |
|    total_timesteps      | 204800       |
| train/                  |              |
|    approx_kl            | 0.0010716374 |
|    clip_fraction        | 0.0181       |
|    clip_range           | 0.2          |
|    entropy_loss         | -0.458       |
|    explained_variance   | 0            |
|    learning_rate        | 0.0003       |
|    loss                 | 0.195        |
|    n_updates            | 790          |
|    policy_gradient_loss | -0.00137     |
|    value_loss           | 0.372        |
------------------------------------------
------------------------------------------
| rollout/                |              |
|    ep_len_mean          | 80           |
|    ep_rew_mean          | -3.83        |
| time/                   |              |
|    fps                  | 47           |
|    iterations           | 81           |
|    time_elapsed         | 4321         |
|    total_timesteps      | 207360       |
| train/                  |              |
|    approx_kl            | 0.0012318207 |
|    clip_fraction        | 0.0206       |
|    clip_range           | 0.2          |
|    entropy_loss         | -0.415       |
|    explained_variance   | 0            |
|    learning_rate        | 0.0003       |
|    loss                 | 0.207        |
|    n_updates            | 800          |
|    policy_gradient_loss | -0.00209     |
|    value_loss           | 0.372        |
------------------------------------------
Eval num_timesteps=208000, episode_reward=-3.10 +/- 0.85
Episode length: 80.00 +/- 0.00
------------------------------------------
| eval/                   |              |
|    mean_ep_length       | 80           |
|    mean_reward          | -3.1         |
| time/                   |              |
|    total_timesteps      | 208000       |
| train/                  |              |
|    approx_kl            | 0.0008767036 |
|    clip_fraction        | 0.0108       |
|    clip_range           | 0.2          |
|    entropy_loss         | -0.439       |
|    explained_variance   | 0            |
|    learning_rate        | 0.0003       |
|    loss                 | 0.19         |
|    n_updates            | 810          |
|    policy_gradient_loss | -0.00102     |
|    value_loss           | 0.383        |
------------------------------------------
---------------------------------
| rollout/           |          |
|    ep_len_mean     | 80       |
|    ep_rew_mean     | -3.78    |
| time/              |          |
|    fps             | 47       |
|    iterations      | 82       |
|    time_elapsed    | 4379     |
|    total_timesteps | 209920   |
---------------------------------
------------------------------------------
| rollout/                |              |
|    ep_len_mean          | 80           |
|    ep_rew_mean          | -3.81        |
| time/                   |              |
|    fps                  | 47           |
|    iterations           | 83           |
|    time_elapsed         | 4431         |
|    total_timesteps      | 212480       |
| train/                  |              |
|    approx_kl            | 0.0009452522 |
|    clip_fraction        | 0.0124       |
|    clip_range           | 0.2          |
|    entropy_loss         | -0.439       |
|    explained_variance   | 0            |
|    learning_rate        | 0.0003       |
|    loss                 | 0.236        |
|    n_updates            | 820          |
|    policy_gradient_loss | -0.00157     |
|    value_loss           | 0.363        |
------------------------------------------
------------------------------------------
| rollout/                |              |
|    ep_len_mean          | 80           |
|    ep_rew_mean          | -3.71        |
| time/                   |              |
|    fps                  | 47           |
|    iterations           | 84           |
|    time_elapsed         | 4483         |
|    total_timesteps      | 215040       |
| train/                  |              |
|    approx_kl            | 0.0011341096 |
|    clip_fraction        | 0.0254       |
|    clip_range           | 0.2          |
|    entropy_loss         | -0.46        |
|    explained_variance   | 5.96e-08     |
|    learning_rate        | 0.0003       |
|    loss                 | 0.198        |
|    n_updates            | 830          |
|    policy_gradient_loss | -0.00304     |
|    value_loss           | 0.406        |
------------------------------------------
------------------------------------------
| rollout/                |              |
|    ep_len_mean          | 80           |
|    ep_rew_mean          | -3.72        |
| time/                   |              |
|    fps                  | 47           |
|    iterations           | 85           |
|    time_elapsed         | 4534         |
|    total_timesteps      | 217600       |
| train/                  |              |
|    approx_kl            | 0.0019675905 |
|    clip_fraction        | 0.0281       |
|    clip_range           | 0.2          |
|    entropy_loss         | -0.409       |
|    explained_variance   | 0            |
|    learning_rate        | 0.0003       |
|    loss                 | 0.176        |
|    n_updates            | 840          |
|    policy_gradient_loss | -0.00276     |
|    value_loss           | 0.375        |
------------------------------------------
------------------------------------------
| rollout/                |              |
|    ep_len_mean          | 80           |
|    ep_rew_mean          | -3.69        |
| time/                   |              |
|    fps                  | 48           |
|    iterations           | 86           |
|    time_elapsed         | 4586         |
|    total_timesteps      | 220160       |
| train/                  |              |
|    approx_kl            | 0.0012058339 |
|    clip_fraction        | 0.0145       |
|    clip_range           | 0.2          |
|    entropy_loss         | -0.418       |
|    explained_variance   | -1.19e-07    |
|    learning_rate        | 0.0003       |
|    loss                 | 0.163        |
|    n_updates            | 850          |
|    policy_gradient_loss | -0.00146     |
|    value_loss           | 0.382        |
------------------------------------------
------------------------------------------
| rollout/                |              |
|    ep_len_mean          | 80           |
|    ep_rew_mean          | -3.74        |
| time/                   |              |
|    fps                  | 48           |
|    iterations           | 87           |
|    time_elapsed         | 4638         |
|    total_timesteps      | 222720       |
| train/                  |              |
|    approx_kl            | 0.0013543349 |
|    clip_fraction        | 0.0184       |
|    clip_range           | 0.2          |
|    entropy_loss         | -0.409       |
|    explained_variance   | 0            |
|    learning_rate        | 0.0003       |
|    loss                 | 0.163        |
|    n_updates            | 860          |
|    policy_gradient_loss | -0.00237     |
|    value_loss           | 0.383        |
------------------------------------------
Eval num_timesteps=224000, episode_reward=-3.67 +/- 1.64
Episode length: 80.00 +/- 0.00
-----------------------------------------
| eval/                   |             |
|    mean_ep_length       | 80          |
|    mean_reward          | -3.67       |
| time/                   |             |
|    total_timesteps      | 224000      |
| train/                  |             |
|    approx_kl            | 0.001168006 |
|    clip_fraction        | 0.0152      |
|    clip_range           | 0.2         |
|    entropy_loss         | -0.426      |
|    explained_variance   | -1.19e-07   |
|    learning_rate        | 0.0003      |
|    loss                 | 0.157       |
|    n_updates            | 870         |
|    policy_gradient_loss | -0.00172    |
|    value_loss           | 0.363       |
-----------------------------------------
---------------------------------
| rollout/           |          |
|    ep_len_mean     | 80       |
|    ep_rew_mean     | -3.83    |
| time/              |          |
|    fps             | 47       |
|    iterations      | 88       |
|    time_elapsed    | 4695     |
|    total_timesteps | 225280   |
---------------------------------
------------------------------------------
| rollout/                |              |
|    ep_len_mean          | 80           |
|    ep_rew_mean          | -3.9         |
| time/                   |              |
|    fps                  | 47           |
|    iterations           | 89           |
|    time_elapsed         | 4747         |
|    total_timesteps      | 227840       |
| train/                  |              |
|    approx_kl            | 0.0013189298 |
|    clip_fraction        | 0.0201       |
|    clip_range           | 0.2          |
|    entropy_loss         | -0.405       |
|    explained_variance   | 0            |
|    learning_rate        | 0.0003       |
|    loss                 | 0.245        |
|    n_updates            | 880          |
|    policy_gradient_loss | -0.00196     |
|    value_loss           | 0.409        |
------------------------------------------
-------------------------------------------
| rollout/                |               |
|    ep_len_mean          | 80            |
|    ep_rew_mean          | -3.78         |
| time/                   |               |
|    fps                  | 48            |
|    iterations           | 90            |
|    time_elapsed         | 4798          |
|    total_timesteps      | 230400        |
| train/                  |               |
|    approx_kl            | 0.00093535695 |
|    clip_fraction        | 0.0155        |
|    clip_range           | 0.2           |
|    entropy_loss         | -0.429        |
|    explained_variance   | -1.19e-07     |
|    learning_rate        | 0.0003        |
|    loss                 | 0.308         |
|    n_updates            | 890           |
|    policy_gradient_loss | -0.00175      |
|    value_loss           | 0.432         |
-------------------------------------------
------------------------------------------
| rollout/                |              |
|    ep_len_mean          | 80           |
|    ep_rew_mean          | -3.7         |
| time/                   |              |
|    fps                  | 48           |
|    iterations           | 91           |
|    time_elapsed         | 4850         |
|    total_timesteps      | 232960       |
| train/                  |              |
|    approx_kl            | 0.0012817911 |
|    clip_fraction        | 0.0184       |
|    clip_range           | 0.2          |
|    entropy_loss         | -0.438       |
|    explained_variance   | -1.19e-07    |
|    learning_rate        | 0.0003       |
|    loss                 | 0.16         |
|    n_updates            | 900          |
|    policy_gradient_loss | -0.00199     |
|    value_loss           | 0.376        |
------------------------------------------
------------------------------------------
| rollout/                |              |
|    ep_len_mean          | 80           |
|    ep_rew_mean          | -3.54        |
| time/                   |              |
|    fps                  | 48           |
|    iterations           | 92           |
|    time_elapsed         | 4901         |
|    total_timesteps      | 235520       |
| train/                  |              |
|    approx_kl            | 0.0013320799 |
|    clip_fraction        | 0.0155       |
|    clip_range           | 0.2          |
|    entropy_loss         | -0.427       |
|    explained_variance   | 0            |
|    learning_rate        | 0.0003       |
|    loss                 | 0.16         |
|    n_updates            | 910          |
|    policy_gradient_loss | -0.00177     |
|    value_loss           | 0.365        |
------------------------------------------
------------------------------------------
| rollout/                |              |
|    ep_len_mean          | 80           |
|    ep_rew_mean          | -3.77        |
| time/                   |              |
|    fps                  | 48           |
|    iterations           | 93           |
|    time_elapsed         | 4953         |
|    total_timesteps      | 238080       |
| train/                  |              |
|    approx_kl            | 0.0013907623 |
|    clip_fraction        | 0.0186       |
|    clip_range           | 0.2          |
|    entropy_loss         | -0.419       |
|    explained_variance   | 0            |
|    learning_rate        | 0.0003       |
|    loss                 | 0.141        |
|    n_updates            | 920          |
|    policy_gradient_loss | -0.00179     |
|    value_loss           | 0.365        |
------------------------------------------
Eval num_timesteps=240000, episode_reward=-3.71 +/- 0.96
Episode length: 80.00 +/- 0.00
-----------------------------------------
| eval/                   |             |
|    mean_ep_length       | 80          |
|    mean_reward          | -3.71       |
| time/                   |             |
|    total_timesteps      | 240000      |
| train/                  |             |
|    approx_kl            | 0.001112396 |
|    clip_fraction        | 0.0159      |
|    clip_range           | 0.2         |
|    entropy_loss         | -0.393      |
|    explained_variance   | 0           |
|    learning_rate        | 0.0003      |
|    loss                 | 0.231       |
|    n_updates            | 930         |
|    policy_gradient_loss | -0.00169    |
|    value_loss           | 0.395       |
-----------------------------------------
---------------------------------
| rollout/           |          |
|    ep_len_mean     | 80       |
|    ep_rew_mean     | -3.8     |
| time/              |          |
|    fps             | 48       |
|    iterations      | 94       |
|    time_elapsed    | 5011     |
|    total_timesteps | 240640   |
---------------------------------
-------------------------------------------
| rollout/                |               |
|    ep_len_mean          | 80            |
|    ep_rew_mean          | -3.92         |
| time/                   |               |
|    fps                  | 48            |
|    iterations           | 95            |
|    time_elapsed         | 5062          |
|    total_timesteps      | 243200        |
| train/                  |               |
|    approx_kl            | 0.00093533285 |
|    clip_fraction        | 0.0136        |
|    clip_range           | 0.2           |
|    entropy_loss         | -0.394        |
|    explained_variance   | 0             |
|    learning_rate        | 0.0003        |
|    loss                 | 0.269         |
|    n_updates            | 940           |
|    policy_gradient_loss | -0.00169      |
|    value_loss           | 0.403         |
-------------------------------------------
------------------------------------------
| rollout/                |              |
|    ep_len_mean          | 80           |
|    ep_rew_mean          | -3.85        |
| time/                   |              |
|    fps                  | 48           |
|    iterations           | 96           |
|    time_elapsed         | 5113         |
|    total_timesteps      | 245760       |
| train/                  |              |
|    approx_kl            | 0.0010034636 |
|    clip_fraction        | 0.0121       |
|    clip_range           | 0.2          |
|    entropy_loss         | -0.361       |
|    explained_variance   | 0            |
|    learning_rate        | 0.0003       |
|    loss                 | 0.192        |
|    n_updates            | 950          |
|    policy_gradient_loss | -0.00106     |
|    value_loss           | 0.401        |
------------------------------------------
-----------------------------------------
| rollout/                |             |
|    ep_len_mean          | 80          |
|    ep_rew_mean          | -3.86       |
| time/                   |             |
|    fps                  | 48          |
|    iterations           | 97          |
|    time_elapsed         | 5165        |
|    total_timesteps      | 248320      |
| train/                  |             |
|    approx_kl            | 0.001343192 |
|    clip_fraction        | 0.0166      |
|    clip_range           | 0.2         |
|    entropy_loss         | -0.34       |
|    explained_variance   | 0           |
|    learning_rate        | 0.0003      |
|    loss                 | 0.273       |
|    n_updates            | 960         |
|    policy_gradient_loss | -0.0017     |
|    value_loss           | 0.399       |
-----------------------------------------
